<?xml version="1.0" encoding="UTF-8"?>
<!-- Generated by org.testng.reporters.JUnitReportReporter -->
<testsuite skipped="0" hostname="PurviPC" name="com.news360.qa.testcases.IntroPageTest" tests="1" failures="0" timestamp="24 Jan 2018 05:58:02 GMT" time="15.710" errors="0">
  <testcase name="validateIntroPageTest" time="15.710" classname="com.news360.qa.testcases.IntroPageTest"/>
</testsuite> <!-- com.news360.qa.testcases.IntroPageTest -->
