<?xml version="1.0" encoding="UTF-8"?>
<!-- Generated by org.testng.reporters.JUnitReportReporter -->
<testsuite skipped="0" hostname="PurviPC" name="com.news360.qa.testcases.IntroPageTest" tests="1" failures="0" timestamp="03 Feb 2018 01:00:07 GMT" time="15.046" errors="0">
  <testcase name="validateCheckLinks" time="15.046" classname="com.news360.qa.testcases.IntroPageTest"/>
</testsuite> <!-- com.news360.qa.testcases.IntroPageTest -->
