<?xml version="1.0" encoding="UTF-8"?>
<!-- Generated by org.testng.reporters.JUnitReportReporter -->
<testsuite skipped="0" hostname="PurviPC" name="com.news360.qa.testcases.LandingPageTest" tests="3" failures="0" timestamp="24 Jan 2018 00:21:00 GMT" time="22.923" errors="0">
  <testcase name="verifyHeaderTest" time="8.491" classname="com.news360.qa.testcases.LandingPageTest"/>
  <testcase name="verifyImageTest" time="7.075" classname="com.news360.qa.testcases.LandingPageTest"/>
  <testcase name="navigateToHomePageTest" time="7.357" classname="com.news360.qa.testcases.LandingPageTest"/>
</testsuite> <!-- com.news360.qa.testcases.LandingPageTest -->
