<?xml version="1.0" encoding="UTF-8"?>
<!-- Generated by org.testng.reporters.JUnitReportReporter -->
<testsuite skipped="0" hostname="PurviPC" name="com.news360.qa.testcases.HomePageTest" tests="2" failures="0" timestamp="25 Jan 2018 05:25:27 GMT" time="21.095" errors="0">
  <testcase name="HomePageURLTest" time="7.222" classname="com.news360.qa.testcases.HomePageTest"/>
  <testcase name="verifyTitleinBoxTest" time="13.873" classname="com.news360.qa.testcases.HomePageTest"/>
</testsuite> <!-- com.news360.qa.testcases.HomePageTest -->
