<?xml version="1.0" encoding="UTF-8"?>
<!-- Generated by org.testng.reporters.JUnitReportReporter -->
<testsuite skipped="0" hostname="PurviPC" name="com.news360.qa.testcases.HomePageTest" tests="2" failures="0" timestamp="24 Jan 2018 17:07:10 GMT" time="20.714" errors="0">
  <testcase name="HomePageURLTest" time="6.344" classname="com.news360.qa.testcases.HomePageTest"/>
  <testcase name="verifyTitleinBoxTest" time="14.370" classname="com.news360.qa.testcases.HomePageTest"/>
</testsuite> <!-- com.news360.qa.testcases.HomePageTest -->
